2025-11-19 09:33:44 INFO  ZaraMenSearchFlowTest - Test setup başlatılıyor...
2025-11-19 09:33:47 INFO  ZaraMenSearchFlowTest - Test setup tamamlandı.
2025-11-19 09:33:47 INFO  ZaraMenSearchFlowTest - Test: menCategory_shortThenShirtSearch_flow başlatılıyor...
2025-11-19 09:33:48 INFO  ZaraMenSearchFlowTest - Çerezler kabul edildi.
2025-11-19 09:33:50 INFO  ZaraMenSearchFlowTest - Login sayfasına yönlendirildi.
2025-11-19 09:33:52 INFO  ZaraMenSearchFlowTest - Login işlemi tamamlandı.
2025-11-19 09:33:54 INFO  ZaraMenSearchFlowTest - Burger menü açıldı.
2025-11-19 09:34:05 INFO  ZaraMenSearchFlowTest - Menüden Erkek kategorisine geçildi.
2025-11-19 09:34:06 INFO  ZaraMenSearchFlowTest - Arama ekranı açıldı.
2025-11-19 09:34:06 INFO  ZaraMenSearchFlowTest - Arama için kısa ürün adı: şort
2025-11-19 09:34:08 INFO  ZaraMenSearchFlowTest - Arama için gömlek ürün adı: gömlek
2025-11-19 09:34:12 INFO  ZaraMenSearchFlowTest - Rastgele bir ürün seçildi.
2025-11-19 09:34:12 INFO  ZaraMenSearchFlowTest - Seçilen ürün: DÖKÜMLÜ POLO YAKA GÖMLEK, Fiyat: 2.490,00 TL
2025-11-19 09:34:12 INFO  ZaraMenSearchFlowTest - Ürün bilgisi dosyaya yazıldı.
2025-11-19 09:34:18 INFO  ZaraMenSearchFlowTest - Sepet fiyatı: 2.490,00 TL
2025-11-19 09:34:19 INFO  ZaraMenSearchFlowTest - Ürün adedi artırıldı.
2025-11-19 09:34:19 INFO  ZaraMenSearchFlowTest - Ürün adedi doğrulandı.
2025-11-19 09:34:21 INFO  ZaraMenSearchFlowTest - Ürün sepetten kaldırıldı.
2025-11-19 09:34:21 INFO  ZaraMenSearchFlowTest - Test teardown başlatılıyor...
2025-11-19 09:34:21 INFO  ZaraMenSearchFlowTest - Test teardown tamamlandı.
2025-11-19 09:37:21 INFO  ZaraMenSearchFlowTest - Test setup baslatiliyor...
2025-11-19 09:37:26 INFO  ZaraMenSearchFlowTest - Test setup tamamlandi.
2025-11-19 09:37:26 INFO  ZaraMenSearchFlowTest - Test: menCategory_shortThenShirtSearch_flow baslatiliyor...
2025-11-19 09:37:26 INFO  ZaraMenSearchFlowTest - Cerezler kabul edildi.
2025-11-19 09:37:28 INFO  ZaraMenSearchFlowTest - Login sayfasına yonlendirildi.
2025-11-19 09:37:30 INFO  ZaraMenSearchFlowTest - Login islemi tamamlandi.
2025-11-19 09:37:31 INFO  ZaraMenSearchFlowTest - Burger menu acildi.
2025-11-19 09:37:42 INFO  ZaraMenSearchFlowTest - Menuden Erkek kategorisine gecildi.
2025-11-19 09:37:43 INFO  ZaraMenSearchFlowTest - Arama ekrani acildi.
2025-11-19 09:37:43 INFO  ZaraMenSearchFlowTest - Arama icin kisa urun adi: şort
2025-11-19 09:37:45 INFO  ZaraMenSearchFlowTest - Arama icin gömlek urun adi: gömlek
2025-11-19 09:37:49 INFO  ZaraMenSearchFlowTest - Rastgele bir urun secildi.
2025-11-19 09:37:49 INFO  ZaraMenSearchFlowTest - Secilen urun: DÖKÜMLÜ RELAXED FIT GÖMLEK, Fiyat: 1.790,00 TL
2025-11-19 09:37:49 INFO  ZaraMenSearchFlowTest - Urun bilgisi dosyaya yazildi.
2025-11-19 09:37:56 INFO  ZaraMenSearchFlowTest - Sepet fiyati: 1.790,00 TL
2025-11-19 09:37:57 INFO  ZaraMenSearchFlowTest - Urun adedi artırıldı.
2025-11-19 09:37:57 INFO  ZaraMenSearchFlowTest - Urun adedi dogrulandi.
2025-11-19 09:37:58 INFO  ZaraMenSearchFlowTest - Urun sepetten kaldirildi.
2025-11-19 09:37:58 INFO  ZaraMenSearchFlowTest - Test teardown baslatiliyor...
2025-11-19 09:37:58 INFO  ZaraMenSearchFlowTest - Test teardown tamamlandı.
